<?xml version="1.0" encoding="UTF-8"?>
<!-- Generated by org.testng.reporters.JUnitReportReporter -->
<testsuite hostname="SANDEEP" name="Functional_TestCase_HomePage.HomePage_Test" tests="1" failures="0" timestamp="5 Feb 2017 17:55:28 GMT" time="429.157" errors="0">
  <testcase name="HomePage" time="429.157" classname="Functional_TestCase_HomePage.HomePage_Test"/>
</testsuite> <!-- Functional_TestCase_HomePage.HomePage_Test -->
